<?xml version="1.0" encoding="UTF-8"?>
<!-- Generated by org.testng.reporters.JUnitXMLReporter -->
<testsuite hostname="KimiAgarwal" name="exampletest1" tests="11" failures="1" timestamp="29 Nov 2014 07:19:26 GMT" time="333.004" errors="0">
  <testcase name="FirstNameValidationTest1" time="27.657" classname="com.SocialIQ.EmailIdAlreadyExist"/>
  <testcase name="FirstNameValidationTest2" time="22.748" classname="com.SocialIQ.EmailIdInvalid"/>
  <testcase name="FirstNameValidationTest1" time="23.34" classname="com.SocialIQ.EmailIdExist"/>
  <testcase name="FirstNameValidationTest" time="28.993" classname="com.SocialIQ.OfferCodeExist"/>
  <testcase name="FirstNameValidationTest" time="33.488" classname="com.SocialIQ.OfferCodeExpired"/>
  <testcase name="FirstNameValidationTest" time="32.72" classname="com.SocialIQ.OfferCodeNtValid"/>
  <testcase name="FirstNameValidationTest" time="30.252" classname="com.SocialIQ.SubDomainEmpty"/>
  <testcase name="FirstNameValidationTest" time="36.295" classname="com.SocialIQ.SubDomainInvalid">
    <failure type="org.openqa.selenium.TimeoutException" message="Timed out after 10 seconds waiting for presence of element located by: By.xpath: //div[@class=&amp;apos;red freeTrialError&amp;apos;]/ul[1]/li
Build info: version: &amp;apos;2.44.0&amp;apos;, revision: &amp;apos;76d78cf323ce037c5f92db6c1bba601c2ac43ad8&amp;apos;, time: &amp;apos;2014-10-23 13:11:40&amp;apos;
System info: host: &amp;apos;KimiAgarwal&amp;apos;, ip: &amp;apos;10.1.2.3&amp;apos;, os.name: &amp;apos;Windows 7&amp;apos;, os.arch: &amp;apos;amd64&amp;apos;, os.version: &amp;apos;6.1&amp;apos;, java.version: &amp;apos;1.6.0_38&amp;apos;
Session ID: 93eafe59-0b46-44e2-8d45-c8dae094c8b7
Driver info: org.openqa.selenium.firefox.FirefoxDriver
Capabilities [{platform=WINDOWS, acceptSslCerts=true, javascriptEnabled=true, browserName=firefox, rotatable=false, locationContextEnabled=true, version=33.1, cssSelectorsEnabled=true, databaseEnabled=true, handlesAlerts=true, nativeEvents=true, webStorageEnabled=true, applicationCacheEnabled=true, takesScreenshot=true}]">
      <![CDATA[org.openqa.selenium.TimeoutException: Timed out after 10 seconds waiting for presence of element located by: By.xpath: //div[@class='red freeTrialError']/ul[1]/li
Build info: version: '2.44.0', revision: '76d78cf323ce037c5f92db6c1bba601c2ac43ad8', time: '2014-10-23 13:11:40'
System info: host: 'KimiAgarwal', ip: '10.1.2.3', os.name: 'Windows 7', os.arch: 'amd64', os.version: '6.1', java.version: '1.6.0_38'
Session ID: 93eafe59-0b46-44e2-8d45-c8dae094c8b7
Driver info: org.openqa.selenium.firefox.FirefoxDriver
Capabilities [{platform=WINDOWS, acceptSslCerts=true, javascriptEnabled=true, browserName=firefox, rotatable=false, locationContextEnabled=true, version=33.1, cssSelectorsEnabled=true, databaseEnabled=true, handlesAlerts=true, nativeEvents=true, webStorageEnabled=true, applicationCacheEnabled=true, takesScreenshot=true}]
	at org.openqa.selenium.support.ui.WebDriverWait.timeoutException(WebDriverWait.java:79)
	at org.openqa.selenium.support.ui.FluentWait.until(FluentWait.java:228)
	at com.SocialIQ.SubDomainInvalid.FirstNameValidationTest(SubDomainInvalid.java:34)
Caused by: org.openqa.selenium.NoSuchElementException: Unable to locate element: {"method":"xpath","selector":"//div[@class='red freeTrialError']/ul[1]/li"}
Command duration or timeout: 42 milliseconds
For documentation on this error, please visit: http://seleniumhq.org/exceptions/no_such_element.html
Build info: version: '2.44.0', revision: '76d78cf323ce037c5f92db6c1bba601c2ac43ad8', time: '2014-10-23 13:11:40'
System info: host: 'KimiAgarwal', ip: '10.1.2.3', os.name: 'Windows 7', os.arch: 'amd64', os.version: '6.1', java.version: '1.6.0_38'
Session ID: 93eafe59-0b46-44e2-8d45-c8dae094c8b7
Driver info: org.openqa.selenium.firefox.FirefoxDriver
Capabilities [{platform=WINDOWS, acceptSslCerts=true, javascriptEnabled=true, browserName=firefox, rotatable=false, locationContextEnabled=true, version=33.1, cssSelectorsEnabled=true, databaseEnabled=true, handlesAlerts=true, nativeEvents=true, webStorageEnabled=true, applicationCacheEnabled=true, takesScreenshot=true}]
	at org.openqa.selenium.remote.ErrorHandler.createThrowable(ErrorHandler.java:204)
	at org.openqa.selenium.remote.ErrorHandler.throwIfResponseFailed(ErrorHandler.java:156)
	at org.openqa.selenium.remote.RemoteWebDriver.execute(RemoteWebDriver.java:599)
	at org.openqa.selenium.remote.RemoteWebDriver.findElement(RemoteWebDriver.java:352)
	at org.openqa.selenium.remote.RemoteWebDriver.findElementByXPath(RemoteWebDriver.java:449)
	at org.openqa.selenium.By$ByXPath.findElement(By.java:357)
	at org.openqa.selenium.remote.RemoteWebDriver.findElement(RemoteWebDriver.java:344)
	at org.openqa.selenium.support.ui.ExpectedConditions.findElement(ExpectedConditions.java:730)
	at org.openqa.selenium.support.ui.ExpectedConditions.access$000(ExpectedConditions.java:39)
	at org.openqa.selenium.support.ui.ExpectedConditions$3.apply(ExpectedConditions.java:106)
	at org.openqa.selenium.support.ui.ExpectedConditions$3.apply(ExpectedConditions.java:103)
	at org.openqa.selenium.support.ui.FluentWait.until(FluentWait.java:208)
	... 25 more
Caused by: org.openqa.selenium.NoSuchElementException: Unable to locate element: {"method":"xpath","selector":"//div[@class='red freeTrialError']/ul[1]/li"}
For documentation on this error, please visit: http://seleniumhq.org/exceptions/no_such_element.html
Build info: version: '2.44.0', revision: '76d78cf323ce037c5f92db6c1bba601c2ac43ad8', time: '2014-10-23 13:11:40'
System info: host: 'KimiAgarwal', ip: '10.1.2.3', os.name: 'Windows 7', os.arch: 'amd64', os.version: '6.1', java.version: '1.6.0_38'
Driver info: driver.version: unknown
	at <anonymous class>.FirefoxDriver.prototype.findElementInternal_(file:///C:/Users/INTELL~1/AppData/Local/Temp/anonymous7692916267516711897webdriver-profile/extensions/fxdriver@googlecode.com/components/driver-component.js:9641:26)
	at <anonymous class>.FirefoxDriver.prototype.findElement(file:///C:/Users/INTELL~1/AppData/Local/Temp/anonymous7692916267516711897webdriver-profile/extensions/fxdriver@googlecode.com/components/driver-component.js:9650:3)
	at <anonymous class>.DelayedCommand.prototype.executeInternal_/h(file:///C:/Users/INTELL~1/AppData/Local/Temp/anonymous7692916267516711897webdriver-profile/extensions/fxdriver@googlecode.com/components/command-processor.js:11635:16)
	at <anonymous class>.DelayedCommand.prototype.executeInternal_(file:///C:/Users/INTELL~1/AppData/Local/Temp/anonymous7692916267516711897webdriver-profile/extensions/fxdriver@googlecode.com/components/command-processor.js:11640:7)
	at <anonymous class>.DelayedCommand.prototype.execute/<(file:///C:/Users/INTELL~1/AppData/Local/Temp/anonymous7692916267516711897webdriver-profile/extensions/fxdriver@googlecode.com/components/command-processor.js:11582:5)
... Removed 27 stack frames]]>
    </failure>
  </testcase> <!-- FirstNameValidationTest -->
  <testcase name="FirstNameValidationTest" time="29.316" classname="com.SocialIQ.SubDomainExist"/>
  <testcase name="FirstNameValidationTest" time="39.023" classname="com.SocialIQ.TimeZoneMan"/>
  <testcase name="FirstNameValidationTest" time="29.069" classname="com.SocialIQ.TrialPage"/>
</testsuite> <!-- exampletest1 -->
