<?xml version="1.0" encoding="UTF-8"?>
<!-- Generated by org.testng.reporters.JUnitXMLReporter -->
<testsuite hostname="KimiAgarwal" name="exampletest1" tests="12" failures="0" timestamp="29 Nov 2014 10:15:11 GMT" time="416.745" errors="0">
  <testcase name="FirstNameValidationTest1" time="35.218" classname="com.SocialIQ.EmailIdAlreadyExist"/>
  <testcase name="FirstNameValidationTest2" time="90.135" classname="com.SocialIQ.EmailIdInvalid"/>
  <testcase name="FirstNameValidationTest1" time="22.45" classname="com.SocialIQ.EmailIdExist"/>
  <testcase name="FirstNameValidationTest1" time="23.404" classname="com.SocialIQ.EmailIdNull"/>
  <testcase name="FirstNameValidationTest" time="28.592" classname="com.SocialIQ.OfferCodeExist"/>
  <testcase name="FirstNameValidationTest" time="32.729" classname="com.SocialIQ.OfferCodeExpired"/>
  <testcase name="FirstNameValidationTest" time="29.767" classname="com.SocialIQ.OfferCodeNtValid"/>
  <testcase name="FirstNameValidationTest" time="28.234" classname="com.SocialIQ.SubDomainEmpty"/>
  <testcase name="FirstNameValidationTest" time="31.57" classname="com.SocialIQ.SubDomainInvalid"/>
  <testcase name="FirstNameValidationTest" time="28.613" classname="com.SocialIQ.SubDomainExist"/>
  <testcase name="FirstNameValidationTest" time="34.051" classname="com.SocialIQ.TimeZoneMan"/>
  <testcase name="FirstNameValidationTest" time="31.95" classname="com.SocialIQ.TrialPage"/>
</testsuite> <!-- exampletest1 -->
