<?xml version="1.0" encoding="UTF-8"?>
<!-- Generated by org.testng.reporters.JUnitXMLReporter -->
<testsuite hostname="KimiAgarwal" name="exampletest1" tests="11" failures="0" timestamp="29 Nov 2014 07:53:19 GMT" time="319.91" errors="0">
  <testcase name="FirstNameValidationTest1" time="26.76" classname="com.SocialIQ.EmailIdAlreadyExist"/>
  <testcase name="FirstNameValidationTest2" time="22.452" classname="com.SocialIQ.EmailIdInvalid"/>
  <testcase name="FirstNameValidationTest1" time="22.784" classname="com.SocialIQ.EmailIdExist"/>
  <testcase name="FirstNameValidationTest" time="26.742" classname="com.SocialIQ.OfferCodeExist"/>
  <testcase name="FirstNameValidationTest" time="31.81" classname="com.SocialIQ.OfferCodeExpired"/>
  <testcase name="FirstNameValidationTest" time="31.743" classname="com.SocialIQ.OfferCodeNtValid"/>
  <testcase name="FirstNameValidationTest" time="28.857" classname="com.SocialIQ.SubDomainEmpty"/>
  <testcase name="FirstNameValidationTest" time="34.848" classname="com.SocialIQ.SubDomainInvalid"/>
  <testcase name="FirstNameValidationTest" time="27.279" classname="com.SocialIQ.SubDomainExist"/>
  <testcase name="FirstNameValidationTest" time="34.851" classname="com.SocialIQ.TimeZoneMan"/>
  <testcase name="FirstNameValidationTest" time="31.75" classname="com.SocialIQ.TrialPage"/>
</testsuite> <!-- exampletest1 -->
