<?xml version="1.0" encoding="UTF-8"?>
<testsuite name="TestSuite" time="416.711" tests="12" errors="0" skipped="0" failures="0">
  <properties>
[...]
</properties>
  <testcase name="FirstNameValidationTest1" classname="com.SocialIQ.EmailIdAlreadyExist" time="35.217"/>
  <testcase name="FirstNameValidationTest2" classname="com.SocialIQ.EmailIdInvalid" time="90.134"/>
  <testcase name="FirstNameValidationTest1" classname="com.SocialIQ.EmailIdExist" time="22.45"/>
  <testcase name="FirstNameValidationTest1" classname="com.SocialIQ.EmailIdNull" time="23.404"/>
  <testcase name="FirstNameValidationTest" classname="com.SocialIQ.OfferCodeExist" time="28.594"/>
  <testcase name="FirstNameValidationTest" classname="com.SocialIQ.OfferCodeExpired" time="32.728"/>
  <testcase name="FirstNameValidationTest" classname="com.SocialIQ.OfferCodeNtValid" time="29.767"/>
  <testcase name="FirstNameValidationTest" classname="com.SocialIQ.SubDomainEmpty" time="28.234"/>
  <testcase name="FirstNameValidationTest" classname="com.SocialIQ.SubDomainInvalid" time="31.57"/>
  <testcase name="FirstNameValidationTest" classname="com.SocialIQ.SubDomainExist" time="28.613"/>
  <testcase name="FirstNameValidationTest" classname="com.SocialIQ.TimeZoneMan" time="34.05"/>
  <testcase name="FirstNameValidationTest" classname="com.SocialIQ.TrialPage" time="31.95"/>
</testsuite>