<?xml version="1.0" encoding="UTF-8"?>
<testng-results skipped="0" failed="0" total="1" passed="1">
  <reporter-output>
  </reporter-output>
  <suite name="Default suite" duration-ms="29417" started-at="2014-11-29T07:38:40Z" finished-at="2014-11-29T07:39:09Z">
    <groups>
    </groups>
    <test name="Default test" duration-ms="29417" started-at="2014-11-29T07:38:40Z" finished-at="2014-11-29T07:39:09Z">
      <class name="com.SocialIQ.SubDomainEmpty">
        <test-method status="PASS" signature="FirstNameValidationTest()[pri:0, instance:com.SocialIQ.SubDomainEmpty@322c1e6b]" name="FirstNameValidationTest" duration-ms="29388" started-at="2014-11-29T13:08:40Z" finished-at="2014-11-29T13:09:09Z">
          <reporter-output>
          </reporter-output>
        </test-method> <!-- FirstNameValidationTest -->
      </class> <!-- com.SocialIQ.SubDomainEmpty -->
    </test> <!-- Default test -->
  </suite> <!-- Default suite -->
</testng-results>
